<?xml version="1.0" encoding="UTF-8"?>
<testsuite xmlns:xsi="http://www.w3.org/2001/XMLSchema-instance" xsi:noNamespaceSchemaLocation="https://maven.apache.org/surefire/maven-surefire-plugin/xsd/surefire-test-report-3.0.xsd" version="3.0" name="ButtonTest" time="15.228" tests="1" errors="0" skipped="0" failures="0">
  <properties>
    <property name="java.specification.version" value="13"/>
    <property name="sun.cpu.isalist" value="amd64"/>
    <property name="sun.jnu.encoding" value="Cp1252"/>
    <property name="java.class.path" value="C:\Users\Artur_Dvorak.PRINCETON\.m2\repository\org\apache\maven\surefire\surefire-booter\3.0.0-M3\surefire-booter-3.0.0-M3.jar;C:\Users\Artur_Dvorak.PRINCETON\.m2\repository\org\apache\maven\surefire\surefire-api\3.0.0-M3\surefire-api-3.0.0-M3.jar;C:\Users\Artur_Dvorak.PRINCETON\.m2\repository\org\apache\maven\surefire\surefire-logger-api\3.0.0-M3\surefire-logger-api-3.0.0-M3.jar;C:\Users\Artur_Dvorak.PRINCETON\IdeaProjects\ClickUpTestTask\target\test-classes;C:\Users\Artur_Dvorak.PRINCETON\IdeaProjects\ClickUpTestTask\target\classes;C:\Users\Artur_Dvorak.PRINCETON\.m2\repository\org\seleniumhq\selenium\selenium-java\3.141.59\selenium-java-3.141.59.jar;C:\Users\Artur_Dvorak.PRINCETON\.m2\repository\org\seleniumhq\selenium\selenium-api\3.141.59\selenium-api-3.141.59.jar;C:\Users\Artur_Dvorak.PRINCETON\.m2\repository\org\seleniumhq\selenium\selenium-chrome-driver\3.141.59\selenium-chrome-driver-3.141.59.jar;C:\Users\Artur_Dvorak.PRINCETON\.m2\repository\org\seleniumhq\selenium\selenium-edge-driver\3.141.59\selenium-edge-driver-3.141.59.jar;C:\Users\Artur_Dvorak.PRINCETON\.m2\repository\org\seleniumhq\selenium\selenium-firefox-driver\3.141.59\selenium-firefox-driver-3.141.59.jar;C:\Users\Artur_Dvorak.PRINCETON\.m2\repository\org\seleniumhq\selenium\selenium-ie-driver\3.141.59\selenium-ie-driver-3.141.59.jar;C:\Users\Artur_Dvorak.PRINCETON\.m2\repository\org\seleniumhq\selenium\selenium-opera-driver\3.141.59\selenium-opera-driver-3.141.59.jar;C:\Users\Artur_Dvorak.PRINCETON\.m2\repository\org\seleniumhq\selenium\selenium-remote-driver\3.141.59\selenium-remote-driver-3.141.59.jar;C:\Users\Artur_Dvorak.PRINCETON\.m2\repository\org\seleniumhq\selenium\selenium-safari-driver\3.141.59\selenium-safari-driver-3.141.59.jar;C:\Users\Artur_Dvorak.PRINCETON\.m2\repository\org\seleniumhq\selenium\selenium-support\3.141.59\selenium-support-3.141.59.jar;C:\Users\Artur_Dvorak.PRINCETON\.m2\repository\net\bytebuddy\byte-buddy\1.8.15\byte-buddy-1.8.15.jar;C:\Users\Artur_Dvorak.PRINCETON\.m2\repository\org\apache\commons\commons-exec\1.3\commons-exec-1.3.jar;C:\Users\Artur_Dvorak.PRINCETON\.m2\repository\com\google\guava\guava\25.0-jre\guava-25.0-jre.jar;C:\Users\Artur_Dvorak.PRINCETON\.m2\repository\com\google\code\findbugs\jsr305\1.3.9\jsr305-1.3.9.jar;C:\Users\Artur_Dvorak.PRINCETON\.m2\repository\org\checkerframework\checker-compat-qual\2.0.0\checker-compat-qual-2.0.0.jar;C:\Users\Artur_Dvorak.PRINCETON\.m2\repository\com\google\errorprone\error_prone_annotations\2.1.3\error_prone_annotations-2.1.3.jar;C:\Users\Artur_Dvorak.PRINCETON\.m2\repository\com\google\j2objc\j2objc-annotations\1.1\j2objc-annotations-1.1.jar;C:\Users\Artur_Dvorak.PRINCETON\.m2\repository\org\codehaus\mojo\animal-sniffer-annotations\1.14\animal-sniffer-annotations-1.14.jar;C:\Users\Artur_Dvorak.PRINCETON\.m2\repository\com\squareup\okhttp3\okhttp\3.11.0\okhttp-3.11.0.jar;C:\Users\Artur_Dvorak.PRINCETON\.m2\repository\com\squareup\okio\okio\1.14.0\okio-1.14.0.jar;C:\Users\Artur_Dvorak.PRINCETON\.m2\repository\org\testng\testng\7.1.0\testng-7.1.0.jar;C:\Users\Artur_Dvorak.PRINCETON\.m2\repository\com\beust\jcommander\1.72\jcommander-1.72.jar;C:\Users\Artur_Dvorak.PRINCETON\.m2\repository\com\google\inject\guice\4.1.0\guice-4.1.0-no_aop.jar;C:\Users\Artur_Dvorak.PRINCETON\.m2\repository\javax\inject\javax.inject\1\javax.inject-1.jar;C:\Users\Artur_Dvorak.PRINCETON\.m2\repository\aopalliance\aopalliance\1.0\aopalliance-1.0.jar;C:\Users\Artur_Dvorak.PRINCETON\.m2\repository\org\yaml\snakeyaml\1.21\snakeyaml-1.21.jar;C:\Users\Artur_Dvorak.PRINCETON\.m2\repository\io\github\bonigarcia\webdrivermanager\4.2.2\webdrivermanager-4.2.2.jar;C:\Users\Artur_Dvorak.PRINCETON\.m2\repository\commons-io\commons-io\2.8.0\commons-io-2.8.0.jar;C:\Users\Artur_Dvorak.PRINCETON\.m2\repository\com\google\code\gson\gson\2.8.6\gson-2.8.6.jar;C:\Users\Artur_Dvorak.PRINCETON\.m2\repository\org\apache\commons\commons-lang3\3.11\commons-lang3-3.11.jar;C:\Users\Artur_Dvorak.PRINCETON\.m2\repository\org\apache\httpcomponents\client5\httpclient5\5.0.1\httpclient5-5.0.1.jar;C:\Users\Artur_Dvorak.PRINCETON\.m2\repository\org\apache\httpcomponents\core5\httpcore5\5.0.1\httpcore5-5.0.1.jar;C:\Users\Artur_Dvorak.PRINCETON\.m2\repository\org\apache\httpcomponents\core5\httpcore5-h2\5.0.1\httpcore5-h2-5.0.1.jar;C:\Users\Artur_Dvorak.PRINCETON\.m2\repository\commons-codec\commons-codec\1.13\commons-codec-1.13.jar;C:\Users\Artur_Dvorak.PRINCETON\.m2\repository\org\rauschig\jarchivelib\1.1.0\jarchivelib-1.1.0.jar;C:\Users\Artur_Dvorak.PRINCETON\.m2\repository\org\apache\commons\commons-compress\1.20\commons-compress-1.20.jar;C:\Users\Artur_Dvorak.PRINCETON\.m2\repository\org\jsoup\jsoup\1.13.1\jsoup-1.13.1.jar;C:\Users\Artur_Dvorak.PRINCETON\.m2\repository\org\slf4j\slf4j-api\2.0.0-alpha1\slf4j-api-2.0.0-alpha1.jar;C:\Users\Artur_Dvorak.PRINCETON\.m2\repository\org\slf4j\slf4j-simple\2.0.0-alpha1\slf4j-simple-2.0.0-alpha1.jar;C:\Users\Artur_Dvorak.PRINCETON\.m2\repository\org\apache\maven\surefire\surefire-testng\3.0.0-M3\surefire-testng-3.0.0-M3.jar;C:\Users\Artur_Dvorak.PRINCETON\.m2\repository\org\apache\maven\surefire\common-java5\3.0.0-M3\common-java5-3.0.0-M3.jar;C:\Users\Artur_Dvorak.PRINCETON\.m2\repository\org\apache\maven\surefire\surefire-testng-utils\3.0.0-M3\surefire-testng-utils-3.0.0-M3.jar;C:\Users\Artur_Dvorak.PRINCETON\.m2\repository\org\apache\maven\surefire\surefire-grouper\3.0.0-M3\surefire-grouper-3.0.0-M3.jar"/>
    <property name="java.vm.vendor" value="Oracle Corporation"/>
    <property name="sun.arch.data.model" value="64"/>
    <property name="user.variant" value=""/>
    <property name="java.vendor.url" value="https://java.oracle.com/"/>
    <property name="user.timezone" value="America/New_York"/>
    <property name="os.name" value="Windows 10"/>
    <property name="java.vm.specification.version" value="13"/>
    <property name="sun.java.launcher" value="SUN_STANDARD"/>
    <property name="user.country" value="US"/>
    <property name="sun.boot.library.path" value="C:\Program Files\Java\jdk-13.0.2\bin"/>
    <property name="sun.java.command" value="org.apache.maven.surefire.booter.ForkedBooter C:\Users\Artur_Dvorak.PRINCETON\AppData\Local\Temp\surefire17182157028885424587 2020-12-18T12-30-57_100-jvmRun1 surefire1642416052552837067tmp surefire_06043389483693480299tmp"/>
    <property name="jdk.debug" value="release"/>
    <property name="surefire.test.class.path" value="C:\Users\Artur_Dvorak.PRINCETON\IdeaProjects\ClickUpTestTask\target\test-classes;C:\Users\Artur_Dvorak.PRINCETON\IdeaProjects\ClickUpTestTask\target\classes;C:\Users\Artur_Dvorak.PRINCETON\.m2\repository\org\seleniumhq\selenium\selenium-java\3.141.59\selenium-java-3.141.59.jar;C:\Users\Artur_Dvorak.PRINCETON\.m2\repository\org\seleniumhq\selenium\selenium-api\3.141.59\selenium-api-3.141.59.jar;C:\Users\Artur_Dvorak.PRINCETON\.m2\repository\org\seleniumhq\selenium\selenium-chrome-driver\3.141.59\selenium-chrome-driver-3.141.59.jar;C:\Users\Artur_Dvorak.PRINCETON\.m2\repository\org\seleniumhq\selenium\selenium-edge-driver\3.141.59\selenium-edge-driver-3.141.59.jar;C:\Users\Artur_Dvorak.PRINCETON\.m2\repository\org\seleniumhq\selenium\selenium-firefox-driver\3.141.59\selenium-firefox-driver-3.141.59.jar;C:\Users\Artur_Dvorak.PRINCETON\.m2\repository\org\seleniumhq\selenium\selenium-ie-driver\3.141.59\selenium-ie-driver-3.141.59.jar;C:\Users\Artur_Dvorak.PRINCETON\.m2\repository\org\seleniumhq\selenium\selenium-opera-driver\3.141.59\selenium-opera-driver-3.141.59.jar;C:\Users\Artur_Dvorak.PRINCETON\.m2\repository\org\seleniumhq\selenium\selenium-remote-driver\3.141.59\selenium-remote-driver-3.141.59.jar;C:\Users\Artur_Dvorak.PRINCETON\.m2\repository\org\seleniumhq\selenium\selenium-safari-driver\3.141.59\selenium-safari-driver-3.141.59.jar;C:\Users\Artur_Dvorak.PRINCETON\.m2\repository\org\seleniumhq\selenium\selenium-support\3.141.59\selenium-support-3.141.59.jar;C:\Users\Artur_Dvorak.PRINCETON\.m2\repository\net\bytebuddy\byte-buddy\1.8.15\byte-buddy-1.8.15.jar;C:\Users\Artur_Dvorak.PRINCETON\.m2\repository\org\apache\commons\commons-exec\1.3\commons-exec-1.3.jar;C:\Users\Artur_Dvorak.PRINCETON\.m2\repository\com\google\guava\guava\25.0-jre\guava-25.0-jre.jar;C:\Users\Artur_Dvorak.PRINCETON\.m2\repository\com\google\code\findbugs\jsr305\1.3.9\jsr305-1.3.9.jar;C:\Users\Artur_Dvorak.PRINCETON\.m2\repository\org\checkerframework\checker-compat-qual\2.0.0\checker-compat-qual-2.0.0.jar;C:\Users\Artur_Dvorak.PRINCETON\.m2\repository\com\google\errorprone\error_prone_annotations\2.1.3\error_prone_annotations-2.1.3.jar;C:\Users\Artur_Dvorak.PRINCETON\.m2\repository\com\google\j2objc\j2objc-annotations\1.1\j2objc-annotations-1.1.jar;C:\Users\Artur_Dvorak.PRINCETON\.m2\repository\org\codehaus\mojo\animal-sniffer-annotations\1.14\animal-sniffer-annotations-1.14.jar;C:\Users\Artur_Dvorak.PRINCETON\.m2\repository\com\squareup\okhttp3\okhttp\3.11.0\okhttp-3.11.0.jar;C:\Users\Artur_Dvorak.PRINCETON\.m2\repository\com\squareup\okio\okio\1.14.0\okio-1.14.0.jar;C:\Users\Artur_Dvorak.PRINCETON\.m2\repository\org\testng\testng\7.1.0\testng-7.1.0.jar;C:\Users\Artur_Dvorak.PRINCETON\.m2\repository\com\beust\jcommander\1.72\jcommander-1.72.jar;C:\Users\Artur_Dvorak.PRINCETON\.m2\repository\com\google\inject\guice\4.1.0\guice-4.1.0-no_aop.jar;C:\Users\Artur_Dvorak.PRINCETON\.m2\repository\javax\inject\javax.inject\1\javax.inject-1.jar;C:\Users\Artur_Dvorak.PRINCETON\.m2\repository\aopalliance\aopalliance\1.0\aopalliance-1.0.jar;C:\Users\Artur_Dvorak.PRINCETON\.m2\repository\org\yaml\snakeyaml\1.21\snakeyaml-1.21.jar;C:\Users\Artur_Dvorak.PRINCETON\.m2\repository\io\github\bonigarcia\webdrivermanager\4.2.2\webdrivermanager-4.2.2.jar;C:\Users\Artur_Dvorak.PRINCETON\.m2\repository\commons-io\commons-io\2.8.0\commons-io-2.8.0.jar;C:\Users\Artur_Dvorak.PRINCETON\.m2\repository\com\google\code\gson\gson\2.8.6\gson-2.8.6.jar;C:\Users\Artur_Dvorak.PRINCETON\.m2\repository\org\apache\commons\commons-lang3\3.11\commons-lang3-3.11.jar;C:\Users\Artur_Dvorak.PRINCETON\.m2\repository\org\apache\httpcomponents\client5\httpclient5\5.0.1\httpclient5-5.0.1.jar;C:\Users\Artur_Dvorak.PRINCETON\.m2\repository\org\apache\httpcomponents\core5\httpcore5\5.0.1\httpcore5-5.0.1.jar;C:\Users\Artur_Dvorak.PRINCETON\.m2\repository\org\apache\httpcomponents\core5\httpcore5-h2\5.0.1\httpcore5-h2-5.0.1.jar;C:\Users\Artur_Dvorak.PRINCETON\.m2\repository\commons-codec\commons-codec\1.13\commons-codec-1.13.jar;C:\Users\Artur_Dvorak.PRINCETON\.m2\repository\org\rauschig\jarchivelib\1.1.0\jarchivelib-1.1.0.jar;C:\Users\Artur_Dvorak.PRINCETON\.m2\repository\org\apache\commons\commons-compress\1.20\commons-compress-1.20.jar;C:\Users\Artur_Dvorak.PRINCETON\.m2\repository\org\jsoup\jsoup\1.13.1\jsoup-1.13.1.jar;C:\Users\Artur_Dvorak.PRINCETON\.m2\repository\org\slf4j\slf4j-api\2.0.0-alpha1\slf4j-api-2.0.0-alpha1.jar;C:\Users\Artur_Dvorak.PRINCETON\.m2\repository\org\slf4j\slf4j-simple\2.0.0-alpha1\slf4j-simple-2.0.0-alpha1.jar;"/>
    <property name="sun.cpu.endian" value="little"/>
    <property name="user.home" value="C:\Users\Artur_Dvorak.PRINCETON"/>
    <property name="user.language" value="en"/>
    <property name="java.specification.vendor" value="Oracle Corporation"/>
    <property name="java.version.date" value="2020-01-14"/>
    <property name="java.home" value="C:\Program Files\Java\jdk-13.0.2"/>
    <property name="file.separator" value="\"/>
    <property name="basedir" value="C:\Users\Artur_Dvorak.PRINCETON\IdeaProjects\ClickUpTestTask"/>
    <property name="java.vm.compressedOopsMode" value="32-bit"/>
    <property name="line.separator" value="&#10;"/>
    <property name="java.vm.specification.vendor" value="Oracle Corporation"/>
    <property name="java.specification.name" value="Java Platform API Specification"/>
    <property name="user.script" value=""/>
    <property name="sun.management.compiler" value="HotSpot 64-Bit Tiered Compilers"/>
    <property name="java.runtime.version" value="13.0.2+8"/>
    <property name="user.name" value="Artur_Dvorak"/>
    <property name="path.separator" value=";"/>
    <property name="os.version" value="10.0"/>
    <property name="java.runtime.name" value="Java(TM) SE Runtime Environment"/>
    <property name="file.encoding" value="Cp1252"/>
    <property name="java.vm.name" value="Java HotSpot(TM) 64-Bit Server VM"/>
    <property name="localRepository" value="C:\Users\Artur_Dvorak.PRINCETON\.m2\repository"/>
    <property name="java.vendor.url.bug" value="https://bugreport.java.com/bugreport/"/>
    <property name="java.io.tmpdir" value="C:\Users\ARTUR_~1.PRI\AppData\Local\Temp\"/>
    <property name="idea.version" value="2020.3"/>
    <property name="java.version" value="13.0.2"/>
    <property name="user.dir" value="C:\Users\Artur_Dvorak.PRINCETON\IdeaProjects\ClickUpTestTask"/>
    <property name="os.arch" value="amd64"/>
    <property name="java.vm.specification.name" value="Java Virtual Machine Specification"/>
    <property name="sun.os.patch.level" value=""/>
    <property name="java.library.path" value="C:\Program Files\Java\jdk-13.0.2\bin;C:\WINDOWS\Sun\Java\bin;C:\WINDOWS\system32;C:\WINDOWS;C:\Program Files (x86)\Common Files\Oracle\Java\javapath;C:\ProgramData\Oracle\Java\javapath;C:\WINDOWS\system32;C:\WINDOWS;C:\WINDOWS\System32\Wbem;C:\WINDOWS\System32\WindowsPowerShell\v1.0\;C:\Program Files\Git\cmd;C:\Program Files\OpenVPN\bin;C:\WINDOWS\System32\OpenSSH\;C:\apache-maven-3.6.2\bin;C:\Program Files\Java\jdk-13.0.2\bin;C:\Program Files\TortoiseSVN\bin;C:\Users\Artur_Dvorak.PRINCETON\AppData\Local\Programs\Python\Python38\Scripts\;C:\Users\Artur_Dvorak.PRINCETON\AppData\Local\Programs\Python\Python38\;C:\Users\Artur_Dvorak.PRINCETON\scoop\shims;C:\Users\Artur_Dvorak.PRINCETON\AppData\Local\Microsoft\WindowsApps;C:\Users\Artur_Dvorak.PRINCETON\AppData\Local\GitHubDesktop\bin;."/>
    <property name="java.vm.info" value="mixed mode, sharing"/>
    <property name="java.vendor" value="Oracle Corporation"/>
    <property name="java.vm.version" value="13.0.2+8"/>
    <property name="sun.io.unicode.encoding" value="UnicodeLittle"/>
    <property name="java.class.version" value="57.0"/>
  </properties>
  <testcase name="clickClickMeButton" classname="ButtonTest" time="1.039"/>
</testsuite>