<?xml version="1.0" encoding="UTF-8"?>
<!-- Generated by org.testng.reporters.JUnitReportReporter -->
<testsuite hostname="EPUSPRIW0914" failures="0" tests="1" name="ButtonTest" time="1.034" errors="0" timestamp="2020-12-18T12:31:13 EST" skipped="0">
  <testcase classname="ButtonTest" name="clickClickMeButton" time="1.034"/>
  <system-out/>
</testsuite> <!-- ButtonTest -->
